This is pdfTeX, Version 3.141592653-2.6-1.40.22 (TeX Live 2022/dev/Debian) (preloaded format=pdflatex 2023.5.30)  12 FEB 2024 11:32
entering extended mode
 restricted \write18 enabled.
 %&-line parsing enabled.
**main.tex
(./main.tex
LaTeX2e <2021-11-15> patch level 1
L3 programming layer <2022-01-21>
(/usr/share/texlive/texmf-dist/tex/latex/base/article.cls
Document Class: article 2021/10/04 v1.4n Standard LaTeX document class
(/usr/share/texlive/texmf-dist/tex/latex/base/size12.clo
File: size12.clo 2021/10/04 v1.4n Standard LaTeX file (size option)
)
\c@part=\count185
\c@section=\count186
\c@subsection=\count187
\c@subsubsection=\count188
\c@paragraph=\count189
\c@subparagraph=\count190
\c@figure=\count191
\c@table=\count192
\abovecaptionskip=\skip47
\belowcaptionskip=\skip48
\bibindent=\dimen138
)
(/usr/share/texlive/texmf-dist/tex/latex/base/inputenc.sty
Package: inputenc 2021/02/14 v1.3d Input encoding file
\inpenc@prehook=\toks16
\inpenc@posthook=\toks17
)
(/usr/share/texlive/texmf-dist/tex/generic/babel/babel.sty
Package: babel 2022/01/26 3.70 The Babel package
\babel@savecnt=\count193
\U@D=\dimen139
\l@unhyphenated=\language87

(/usr/share/texlive/texmf-dist/tex/generic/babel/txtbabel.def)
\bbl@readstream=\read2
\bbl@dirlevel=\count194

(/usr/share/texlive/texmf-dist/tex/generic/babel-spanish/spanish.ldf
Language: spanish.ldf 2021/05/27 v5.0q Spanish support from the babel system
\es@quottoks=\toks18
\es@quotdepth=\count195
Package babel Info: Making " an active character on input line 570.
Package babel Info: Making . an active character on input line 675.
Package babel Info: Making < an active character on input line 722.
Package babel Info: Making > an active character on input line 722.
))
(/usr/share/texlive/texmf-dist/tex/latex/amsmath/amsmath.sty
Package: amsmath 2021/10/15 v2.17l AMS math features
\@mathmargin=\skip49

For additional information on amsmath, use the `?' option.
(/usr/share/texlive/texmf-dist/tex/latex/amsmath/amstext.sty
Package: amstext 2021/08/26 v2.01 AMS text

(/usr/share/texlive/texmf-dist/tex/latex/amsmath/amsgen.sty
File: amsgen.sty 1999/11/30 v2.0 generic functions
\@emptytoks=\toks19
\ex@=\dimen140
))
(/usr/share/texlive/texmf-dist/tex/latex/amsmath/amsbsy.sty
Package: amsbsy 1999/11/29 v1.2d Bold Symbols
\pmbraise@=\dimen141
)
(/usr/share/texlive/texmf-dist/tex/latex/amsmath/amsopn.sty
Package: amsopn 2021/08/26 v2.02 operator names
)
\inf@bad=\count196
LaTeX Info: Redefining \frac on input line 234.
\uproot@=\count197
\leftroot@=\count198
LaTeX Info: Redefining \overline on input line 399.
\classnum@=\count199
\DOTSCASE@=\count266
LaTeX Info: Redefining \ldots on input line 496.
LaTeX Info: Redefining \dots on input line 499.
LaTeX Info: Redefining \cdots on input line 620.
\Mathstrutbox@=\box50
\strutbox@=\box51
\big@size=\dimen142
LaTeX Font Info:    Redeclaring font encoding OML on input line 743.
LaTeX Font Info:    Redeclaring font encoding OMS on input line 744.
\macc@depth=\count267
\c@MaxMatrixCols=\count268
\dotsspace@=\muskip16
\c@parentequation=\count269
\dspbrk@lvl=\count270
\tag@help=\toks20
\row@=\count271
\column@=\count272
\maxfields@=\count273
\andhelp@=\toks21
\eqnshift@=\dimen143
\alignsep@=\dimen144
\tagshift@=\dimen145
\tagwidth@=\dimen146
\totwidth@=\dimen147
\lineht@=\dimen148
\@envbody=\toks22
\multlinegap=\skip50
\multlinetaggap=\skip51
\mathdisplay@stack=\toks23
LaTeX Info: Redefining \[ on input line 2938.
LaTeX Info: Redefining \] on input line 2939.
)
(/usr/share/texlive/texmf-dist/tex/latex/amsfonts/amsfonts.sty
Package: amsfonts 2013/01/14 v3.01 Basic AMSFonts support
\symAMSa=\mathgroup4
\symAMSb=\mathgroup5
LaTeX Font Info:    Redeclaring math symbol \hbar on input line 98.
LaTeX Font Info:    Overwriting math alphabet `\mathfrak' in version `bold'
(Font)                  U/euf/m/n --> U/euf/b/n on input line 106.
)
(/usr/share/texlive/texmf-dist/tex/latex/amsfonts/amssymb.sty
Package: amssymb 2013/01/14 v3.01 AMS font symbols
)
(/usr/share/texlive/texmf-dist/tex/latex/siunitx/siunitx.sty
Package: siunitx 2022-02-02 v3.0.46 A comprehensive (SI) units package
\l__siunitx_angle_tmp_dim=\dimen149
\l__siunitx_angle_marker_box=\box52
\l__siunitx_angle_unit_box=\box53
\l__siunitx_compound_count_int=\count274

(/usr/share/texlive/texmf-dist/tex/latex/translations/translations.sty
Package: translations 2022/01/04 v1.11 internationalization of LaTeX2e packages
 (CN)

(/usr/share/texlive/texmf-dist/tex/latex/etoolbox/etoolbox.sty
Package: etoolbox 2020/10/05 v2.5k e-TeX tools for LaTeX (JAW)
\etb@tempcnta=\count275
)
(/usr/share/texlive/texmf-dist/tex/generic/pdftexcmds/pdftexcmds.sty
Package: pdftexcmds 2020-06-27 v0.33 Utility functions of pdfTeX for LuaTeX (HO
)

(/usr/share/texlive/texmf-dist/tex/generic/infwarerr/infwarerr.sty
Package: infwarerr 2019/12/03 v1.5 Providing info/warning/error messages (HO)
)
(/usr/share/texlive/texmf-dist/tex/generic/iftex/iftex.sty
Package: iftex 2020/03/06 v1.0d TeX engine tests
)
(/usr/share/texlive/texmf-dist/tex/generic/ltxcmds/ltxcmds.sty
Package: ltxcmds 2020-05-10 v1.25 LaTeX kernel commands for general use (HO)
)
Package pdftexcmds Info: \pdf@primitive is available.
Package pdftexcmds Info: \pdf@ifprimitive is available.
Package pdftexcmds Info: \pdfdraftmode found.
))
\l__siunitx_number_exponent_fixed_int=\count276
\l__siunitx_number_min_decimal_int=\count277
\l__siunitx_number_min_integer_int=\count278
\l__siunitx_number_round_precision_int=\count279
\l__siunitx_number_group_minimum_int=\count280
\l__siunitx_table_tmp_box=\box54
\l__siunitx_table_tmp_dim=\dimen150
\l__siunitx_table_column_width_dim=\dimen151
\l__siunitx_table_integer_box=\box55
\l__siunitx_table_decimal_box=\box56
\l__siunitx_table_before_box=\box57
\l__siunitx_table_after_box=\box58
\l__siunitx_table_before_dim=\dimen152
\l__siunitx_table_carry_dim=\dimen153
\l__siunitx_unit_tmp_int=\count281
\l__siunitx_unit_position_int=\count282
\l__siunitx_unit_total_int=\count283

(/usr/share/texlive/texmf-dist/tex/latex/l3packages/l3keys2e/l3keys2e.sty
(/usr/share/texlive/texmf-dist/tex/latex/l3kernel/expl3.sty
Package: expl3 2022-01-21 L3 programming layer (loader) 

(/usr/share/texlive/texmf-dist/tex/latex/l3backend/l3backend-pdftex.def
File: l3backend-pdftex.def 2022-01-12 L3 backend support: PDF output (pdfTeX)
\l__color_backend_stack_int=\count284
\l__pdf_internal_box=\box59
))
Package: l3keys2e 2022-01-12 LaTeX2e option processing using LaTeX3 keys
)
(/usr/share/texlive/texmf-dist/tex/latex/tools/array.sty
Package: array 2021/10/04 v2.5f Tabular extension package (FMi)
\col@sep=\dimen154
\ar@mcellbox=\box60
\extrarowheight=\dimen155
\NC@list=\toks24
\extratabsurround=\skip52
\backup@length=\skip53
\ar@cellbox=\box61
))
(/usr/share/texlive/texmf-dist/tex/latex/adjustbox/adjustbox.sty
Package: adjustbox 2020/08/19 v1.3 Adjusting TeX boxes (trim, clip, ...)

(/usr/share/texlive/texmf-dist/tex/latex/xkeyval/xkeyval.sty
Package: xkeyval 2020/11/20 v2.8 package option processing (HA)

(/usr/share/texlive/texmf-dist/tex/generic/xkeyval/xkeyval.tex
(/usr/share/texlive/texmf-dist/tex/generic/xkeyval/xkvutils.tex
\XKV@toks=\toks25
\XKV@tempa@toks=\toks26

(/usr/share/texlive/texmf-dist/tex/generic/xkeyval/keyval.tex))
\XKV@depth=\count285
File: xkeyval.tex 2014/12/03 v2.7a key=value parser (HA)
))
(/usr/share/texlive/texmf-dist/tex/latex/adjustbox/adjcalc.sty
Package: adjcalc 2012/05/16 v1.1 Provides advanced setlength with multiple back
-ends (calc, etex, pgfmath)
)
(/usr/share/texlive/texmf-dist/tex/latex/adjustbox/trimclip.sty
Package: trimclip 2020/08/19 v1.2 Trim and clip general TeX material

(/usr/share/texlive/texmf-dist/tex/latex/graphics/graphicx.sty
Package: graphicx 2021/09/16 v1.2d Enhanced LaTeX Graphics (DPC,SPQR)

(/usr/share/texlive/texmf-dist/tex/latex/graphics/graphics.sty
Package: graphics 2021/03/04 v1.4d Standard LaTeX Graphics (DPC,SPQR)

(/usr/share/texlive/texmf-dist/tex/latex/graphics/trig.sty
Package: trig 2021/08/11 v1.11 sin cos tan (DPC)
)
(/usr/share/texlive/texmf-dist/tex/latex/graphics-cfg/graphics.cfg
File: graphics.cfg 2016/06/04 v1.11 sample graphics configuration
)
Package graphics Info: Driver file: pdftex.def on input line 107.

(/usr/share/texlive/texmf-dist/tex/latex/graphics-def/pdftex.def
File: pdftex.def 2020/10/05 v1.2a Graphics/color driver for pdftex
))
\Gin@req@height=\dimen156
\Gin@req@width=\dimen157
)
(/usr/share/texlive/texmf-dist/tex/latex/collectbox/collectbox.sty
Package: collectbox 2012/05/17 v0.4b Collect macro arguments as boxes
\collectedbox=\box62
)
\tc@llx=\dimen158
\tc@lly=\dimen159
\tc@urx=\dimen160
\tc@ury=\dimen161
Package trimclip Info: Using driver 'tc-pdftex.def'.

(/usr/share/texlive/texmf-dist/tex/latex/adjustbox/tc-pdftex.def
File: tc-pdftex.def 2019/01/04 v2.2 Clipping driver for pdftex
))
\adjbox@Width=\dimen162
\adjbox@Height=\dimen163
\adjbox@Depth=\dimen164
\adjbox@Totalheight=\dimen165
\adjbox@pwidth=\dimen166
\adjbox@pheight=\dimen167
\adjbox@pdepth=\dimen168
\adjbox@ptotalheight=\dimen169

(/usr/share/texlive/texmf-dist/tex/latex/ifoddpage/ifoddpage.sty
Package: ifoddpage 2016/04/23 v1.1 Conditionals for odd/even page detection
\c@checkoddpage=\count286
)
(/usr/share/texlive/texmf-dist/tex/latex/varwidth/varwidth.sty
Package: varwidth 2009/03/30 ver 0.92;  Variable-width minipages
\@vwid@box=\box63
\sift@deathcycles=\count287
\@vwid@loff=\dimen170
\@vwid@roff=\dimen171
))
(/usr/share/texlive/texmf-dist/tex/latex/listings/listings.sty
\lst@mode=\count288
\lst@gtempboxa=\box64
\lst@token=\toks27
\lst@length=\count289
\lst@currlwidth=\dimen172
\lst@column=\count290
\lst@pos=\count291
\lst@lostspace=\dimen173
\lst@width=\dimen174
\lst@newlines=\count292
\lst@lineno=\count293
\lst@maxwidth=\dimen175

(/usr/share/texlive/texmf-dist/tex/latex/listings/lstmisc.sty
File: lstmisc.sty 2020/03/24 1.8d (Carsten Heinz)
\c@lstnumber=\count294
\lst@skipnumbers=\count295
\lst@framebox=\box65
)
(/usr/share/texlive/texmf-dist/tex/latex/listings/listings.cfg
File: listings.cfg 2020/03/24 1.8d listings configuration
))
Package: listings 2020/03/24 1.8d (Carsten Heinz)

(/usr/share/texlive/texmf-dist/tex/latex/listings/lstlang1.sty
File: lstlang1.sty 2020/03/24 1.8d listings language file
)
(/usr/share/texlive/texmf-dist/tex/latex/listings/lstmisc.sty
File: lstmisc.sty 2020/03/24 1.8d (Carsten Heinz)
)
(/usr/share/texlive/texmf-dist/tex/latex/circuitikz/circuitikz.sty
Package: circuitikz 2021/12/06{} The CircuiTikz circuit drawing package version
 1.4.5

(/usr/share/texlive/texmf-dist/tex/latex/pgf/frontendlayer/tikz.sty
(/usr/share/texlive/texmf-dist/tex/latex/pgf/basiclayer/pgf.sty
(/usr/share/texlive/texmf-dist/tex/latex/pgf/utilities/pgfrcs.sty
(/usr/share/texlive/texmf-dist/tex/generic/pgf/utilities/pgfutil-common.tex
\pgfutil@everybye=\toks28
\pgfutil@tempdima=\dimen176
\pgfutil@tempdimb=\dimen177

(/usr/share/texlive/texmf-dist/tex/generic/pgf/utilities/pgfutil-common-lists.t
ex)) (/usr/share/texlive/texmf-dist/tex/generic/pgf/utilities/pgfutil-latex.def
\pgfutil@abb=\box66
) (/usr/share/texlive/texmf-dist/tex/generic/pgf/utilities/pgfrcs.code.tex
(/usr/share/texlive/texmf-dist/tex/generic/pgf/pgf.revision.tex)
Package: pgfrcs 2021/05/15 v3.1.9a (3.1.9a)
))
Package: pgf 2021/05/15 v3.1.9a (3.1.9a)

(/usr/share/texlive/texmf-dist/tex/latex/pgf/basiclayer/pgfcore.sty
(/usr/share/texlive/texmf-dist/tex/latex/pgf/systemlayer/pgfsys.sty
(/usr/share/texlive/texmf-dist/tex/generic/pgf/systemlayer/pgfsys.code.tex
Package: pgfsys 2021/05/15 v3.1.9a (3.1.9a)

(/usr/share/texlive/texmf-dist/tex/generic/pgf/utilities/pgfkeys.code.tex
\pgfkeys@pathtoks=\toks29
\pgfkeys@temptoks=\toks30

(/usr/share/texlive/texmf-dist/tex/generic/pgf/utilities/pgfkeysfiltered.code.t
ex
\pgfkeys@tmptoks=\toks31
))
\pgf@x=\dimen178
\pgf@y=\dimen179
\pgf@xa=\dimen180
\pgf@ya=\dimen181
\pgf@xb=\dimen182
\pgf@yb=\dimen183
\pgf@xc=\dimen184
\pgf@yc=\dimen185
\pgf@xd=\dimen186
\pgf@yd=\dimen187
\w@pgf@writea=\write3
\r@pgf@reada=\read3
\c@pgf@counta=\count296
\c@pgf@countb=\count297
\c@pgf@countc=\count298
\c@pgf@countd=\count299
\t@pgf@toka=\toks32
\t@pgf@tokb=\toks33
\t@pgf@tokc=\toks34
\pgf@sys@id@count=\count300
 (/usr/share/texlive/texmf-dist/tex/generic/pgf/systemlayer/pgf.cfg
File: pgf.cfg 2021/05/15 v3.1.9a (3.1.9a)
)
Driver file for pgf: pgfsys-pdftex.def

(/usr/share/texlive/texmf-dist/tex/generic/pgf/systemlayer/pgfsys-pdftex.def
File: pgfsys-pdftex.def 2021/05/15 v3.1.9a (3.1.9a)

(/usr/share/texlive/texmf-dist/tex/generic/pgf/systemlayer/pgfsys-common-pdf.de
f
File: pgfsys-common-pdf.def 2021/05/15 v3.1.9a (3.1.9a)
)))
(/usr/share/texlive/texmf-dist/tex/generic/pgf/systemlayer/pgfsyssoftpath.code.
tex
File: pgfsyssoftpath.code.tex 2021/05/15 v3.1.9a (3.1.9a)
\pgfsyssoftpath@smallbuffer@items=\count301
\pgfsyssoftpath@bigbuffer@items=\count302
)
(/usr/share/texlive/texmf-dist/tex/generic/pgf/systemlayer/pgfsysprotocol.code.
tex
File: pgfsysprotocol.code.tex 2021/05/15 v3.1.9a (3.1.9a)
)) (/usr/share/texlive/texmf-dist/tex/latex/xcolor/xcolor.sty
Package: xcolor 2021/10/31 v2.13 LaTeX color extensions (UK)

(/usr/share/texlive/texmf-dist/tex/latex/graphics-cfg/color.cfg
File: color.cfg 2016/01/02 v1.6 sample color configuration
)
Package xcolor Info: Driver file: pdftex.def on input line 227.
Package xcolor Info: Model `cmy' substituted by `cmy0' on input line 1352.
Package xcolor Info: Model `hsb' substituted by `rgb' on input line 1356.
Package xcolor Info: Model `RGB' extended on input line 1368.
Package xcolor Info: Model `HTML' substituted by `rgb' on input line 1370.
Package xcolor Info: Model `Hsb' substituted by `hsb' on input line 1371.
Package xcolor Info: Model `tHsb' substituted by `hsb' on input line 1372.
Package xcolor Info: Model `HSB' substituted by `hsb' on input line 1373.
Package xcolor Info: Model `Gray' substituted by `gray' on input line 1374.
Package xcolor Info: Model `wave' substituted by `hsb' on input line 1375.
)
(/usr/share/texlive/texmf-dist/tex/generic/pgf/basiclayer/pgfcore.code.tex
Package: pgfcore 2021/05/15 v3.1.9a (3.1.9a)

(/usr/share/texlive/texmf-dist/tex/generic/pgf/math/pgfmath.code.tex
(/usr/share/texlive/texmf-dist/tex/generic/pgf/math/pgfmathcalc.code.tex
(/usr/share/texlive/texmf-dist/tex/generic/pgf/math/pgfmathutil.code.tex)
(/usr/share/texlive/texmf-dist/tex/generic/pgf/math/pgfmathparser.code.tex
\pgfmath@dimen=\dimen188
\pgfmath@count=\count303
\pgfmath@box=\box67
\pgfmath@toks=\toks35
\pgfmath@stack@operand=\toks36
\pgfmath@stack@operation=\toks37
)
(/usr/share/texlive/texmf-dist/tex/generic/pgf/math/pgfmathfunctions.code.tex
(/usr/share/texlive/texmf-dist/tex/generic/pgf/math/pgfmathfunctions.basic.code
.tex)
(/usr/share/texlive/texmf-dist/tex/generic/pgf/math/pgfmathfunctions.trigonomet
ric.code.tex)
(/usr/share/texlive/texmf-dist/tex/generic/pgf/math/pgfmathfunctions.random.cod
e.tex)
(/usr/share/texlive/texmf-dist/tex/generic/pgf/math/pgfmathfunctions.comparison
.code.tex)
(/usr/share/texlive/texmf-dist/tex/generic/pgf/math/pgfmathfunctions.base.code.
tex)
(/usr/share/texlive/texmf-dist/tex/generic/pgf/math/pgfmathfunctions.round.code
.tex)
(/usr/share/texlive/texmf-dist/tex/generic/pgf/math/pgfmathfunctions.misc.code.
tex)
(/usr/share/texlive/texmf-dist/tex/generic/pgf/math/pgfmathfunctions.integerari
thmetics.code.tex)))
(/usr/share/texlive/texmf-dist/tex/generic/pgf/math/pgfmathfloat.code.tex
\c@pgfmathroundto@lastzeros=\count304
))
(/usr/share/texlive/texmf-dist/tex/generic/pgf/math/pgfint.code.tex)
(/usr/share/texlive/texmf-dist/tex/generic/pgf/basiclayer/pgfcorepoints.code.te
x
File: pgfcorepoints.code.tex 2021/05/15 v3.1.9a (3.1.9a)
\pgf@picminx=\dimen189
\pgf@picmaxx=\dimen190
\pgf@picminy=\dimen191
\pgf@picmaxy=\dimen192
\pgf@pathminx=\dimen193
\pgf@pathmaxx=\dimen194
\pgf@pathminy=\dimen195
\pgf@pathmaxy=\dimen196
\pgf@xx=\dimen197
\pgf@xy=\dimen198
\pgf@yx=\dimen199
\pgf@yy=\dimen256
\pgf@zx=\dimen257
\pgf@zy=\dimen258
)
(/usr/share/texlive/texmf-dist/tex/generic/pgf/basiclayer/pgfcorepathconstruct.
code.tex
File: pgfcorepathconstruct.code.tex 2021/05/15 v3.1.9a (3.1.9a)
\pgf@path@lastx=\dimen259
\pgf@path@lasty=\dimen260
)
(/usr/share/texlive/texmf-dist/tex/generic/pgf/basiclayer/pgfcorepathusage.code
.tex
File: pgfcorepathusage.code.tex 2021/05/15 v3.1.9a (3.1.9a)
\pgf@shorten@end@additional=\dimen261
\pgf@shorten@start@additional=\dimen262
)
(/usr/share/texlive/texmf-dist/tex/generic/pgf/basiclayer/pgfcorescopes.code.te
x
File: pgfcorescopes.code.tex 2021/05/15 v3.1.9a (3.1.9a)
\pgfpic=\box68
\pgf@hbox=\box69
\pgf@layerbox@main=\box70
\pgf@picture@serial@count=\count305
)
(/usr/share/texlive/texmf-dist/tex/generic/pgf/basiclayer/pgfcoregraphicstate.c
ode.tex
File: pgfcoregraphicstate.code.tex 2021/05/15 v3.1.9a (3.1.9a)
\pgflinewidth=\dimen263
)
(/usr/share/texlive/texmf-dist/tex/generic/pgf/basiclayer/pgfcoretransformation
s.code.tex
File: pgfcoretransformations.code.tex 2021/05/15 v3.1.9a (3.1.9a)
\pgf@pt@x=\dimen264
\pgf@pt@y=\dimen265
\pgf@pt@temp=\dimen266
)
(/usr/share/texlive/texmf-dist/tex/generic/pgf/basiclayer/pgfcorequick.code.tex
File: pgfcorequick.code.tex 2021/05/15 v3.1.9a (3.1.9a)
)
(/usr/share/texlive/texmf-dist/tex/generic/pgf/basiclayer/pgfcoreobjects.code.t
ex
File: pgfcoreobjects.code.tex 2021/05/15 v3.1.9a (3.1.9a)
)
(/usr/share/texlive/texmf-dist/tex/generic/pgf/basiclayer/pgfcorepathprocessing
.code.tex
File: pgfcorepathprocessing.code.tex 2021/05/15 v3.1.9a (3.1.9a)
)
(/usr/share/texlive/texmf-dist/tex/generic/pgf/basiclayer/pgfcorearrows.code.te
x
File: pgfcorearrows.code.tex 2021/05/15 v3.1.9a (3.1.9a)
\pgfarrowsep=\dimen267
)
(/usr/share/texlive/texmf-dist/tex/generic/pgf/basiclayer/pgfcoreshade.code.tex
File: pgfcoreshade.code.tex 2021/05/15 v3.1.9a (3.1.9a)
\pgf@max=\dimen268
\pgf@sys@shading@range@num=\count306
\pgf@shadingcount=\count307
)
(/usr/share/texlive/texmf-dist/tex/generic/pgf/basiclayer/pgfcoreimage.code.tex
File: pgfcoreimage.code.tex 2021/05/15 v3.1.9a (3.1.9a)

(/usr/share/texlive/texmf-dist/tex/generic/pgf/basiclayer/pgfcoreexternal.code.
tex
File: pgfcoreexternal.code.tex 2021/05/15 v3.1.9a (3.1.9a)
\pgfexternal@startupbox=\box71
))
(/usr/share/texlive/texmf-dist/tex/generic/pgf/basiclayer/pgfcorelayers.code.te
x
File: pgfcorelayers.code.tex 2021/05/15 v3.1.9a (3.1.9a)
)
(/usr/share/texlive/texmf-dist/tex/generic/pgf/basiclayer/pgfcoretransparency.c
ode.tex
File: pgfcoretransparency.code.tex 2021/05/15 v3.1.9a (3.1.9a)
)
(/usr/share/texlive/texmf-dist/tex/generic/pgf/basiclayer/pgfcorepatterns.code.
tex
File: pgfcorepatterns.code.tex 2021/05/15 v3.1.9a (3.1.9a)
)
(/usr/share/texlive/texmf-dist/tex/generic/pgf/basiclayer/pgfcorerdf.code.tex
File: pgfcorerdf.code.tex 2021/05/15 v3.1.9a (3.1.9a)
)))
(/usr/share/texlive/texmf-dist/tex/generic/pgf/modules/pgfmoduleshapes.code.tex
File: pgfmoduleshapes.code.tex 2021/05/15 v3.1.9a (3.1.9a)
\pgfnodeparttextbox=\box72
) (/usr/share/texlive/texmf-dist/tex/generic/pgf/modules/pgfmoduleplot.code.tex
File: pgfmoduleplot.code.tex 2021/05/15 v3.1.9a (3.1.9a)
)
(/usr/share/texlive/texmf-dist/tex/latex/pgf/compatibility/pgfcomp-version-0-65
.sty
Package: pgfcomp-version-0-65 2021/05/15 v3.1.9a (3.1.9a)
\pgf@nodesepstart=\dimen269
\pgf@nodesepend=\dimen270
)
(/usr/share/texlive/texmf-dist/tex/latex/pgf/compatibility/pgfcomp-version-1-18
.sty
Package: pgfcomp-version-1-18 2021/05/15 v3.1.9a (3.1.9a)
)) (/usr/share/texlive/texmf-dist/tex/latex/pgf/utilities/pgffor.sty
(/usr/share/texlive/texmf-dist/tex/latex/pgf/utilities/pgfkeys.sty
(/usr/share/texlive/texmf-dist/tex/generic/pgf/utilities/pgfkeys.code.tex))
(/usr/share/texlive/texmf-dist/tex/latex/pgf/math/pgfmath.sty
(/usr/share/texlive/texmf-dist/tex/generic/pgf/math/pgfmath.code.tex))
(/usr/share/texlive/texmf-dist/tex/generic/pgf/utilities/pgffor.code.tex
Package: pgffor 2021/05/15 v3.1.9a (3.1.9a)

(/usr/share/texlive/texmf-dist/tex/generic/pgf/math/pgfmath.code.tex)
\pgffor@iter=\dimen271
\pgffor@skip=\dimen272
\pgffor@stack=\toks38
\pgffor@toks=\toks39
))
(/usr/share/texlive/texmf-dist/tex/generic/pgf/frontendlayer/tikz/tikz.code.tex
Package: tikz 2021/05/15 v3.1.9a (3.1.9a)

(/usr/share/texlive/texmf-dist/tex/generic/pgf/libraries/pgflibraryplothandlers
.code.tex
File: pgflibraryplothandlers.code.tex 2021/05/15 v3.1.9a (3.1.9a)
\pgf@plot@mark@count=\count308
\pgfplotmarksize=\dimen273
)
\tikz@lastx=\dimen274
\tikz@lasty=\dimen275
\tikz@lastxsaved=\dimen276
\tikz@lastysaved=\dimen277
\tikz@lastmovetox=\dimen278
\tikz@lastmovetoy=\dimen279
\tikzleveldistance=\dimen280
\tikzsiblingdistance=\dimen281
\tikz@figbox=\box73
\tikz@figbox@bg=\box74
\tikz@tempbox=\box75
\tikz@tempbox@bg=\box76
\tikztreelevel=\count309
\tikznumberofchildren=\count310
\tikznumberofcurrentchild=\count311
\tikz@fig@count=\count312

(/usr/share/texlive/texmf-dist/tex/generic/pgf/modules/pgfmodulematrix.code.tex
File: pgfmodulematrix.code.tex 2021/05/15 v3.1.9a (3.1.9a)
\pgfmatrixcurrentrow=\count313
\pgfmatrixcurrentcolumn=\count314
\pgf@matrix@numberofcolumns=\count315
)
\tikz@expandcount=\count316

(/usr/share/texlive/texmf-dist/tex/generic/pgf/frontendlayer/tikz/libraries/tik
zlibrarytopaths.code.tex
File: tikzlibrarytopaths.code.tex 2021/05/15 v3.1.9a (3.1.9a)
)))
(/usr/share/texlive/texmf-dist/tex/generic/pgf/frontendlayer/tikz/libraries/tik
zlibrarycalc.code.tex
File: tikzlibrarycalc.code.tex 2021/05/15 v3.1.9a (3.1.9a)
)
(/usr/share/texlive/texmf-dist/tex/generic/pgf/libraries/pgflibraryarrows.meta.
code.tex
File: pgflibraryarrows.meta.code.tex 2021/05/15 v3.1.9a (3.1.9a)
\pgfarrowinset=\dimen282
\pgfarrowlength=\dimen283
\pgfarrowwidth=\dimen284
\pgfarrowlinewidth=\dimen285
)
(/usr/share/texlive/texmf-dist/tex/generic/pgf/frontendlayer/tikz/libraries/tik
zlibrarybending.code.tex
File: tikzlibrarybending.code.tex 2021/05/15 v3.1.9a (3.1.9a)

(/usr/share/texlive/texmf-dist/tex/generic/pgf/modules/pgfmodulebending.code.te
x
File: pgfmodulebending.code.tex 2021/05/15 v3.1.9a (3.1.9a)

(/usr/share/texlive/texmf-dist/tex/generic/pgf/modules/pgfmodulenonlineartransf
ormations.code.tex
File: pgfmodulenonlineartransformations.code.tex 2021/05/15 v3.1.9a (3.1.9a)
\pgftransformnonlinearflatness=\dimen286
)
(/usr/share/texlive/texmf-dist/tex/generic/pgf/libraries/pgflibrarycurvilinear.
code.tex
File: pgflibrarycurvilinear.code.tex 2021/05/15 v3.1.9a (3.1.9a)
\pgf@curvilinear@time@a=\dimen287
\pgf@curvilinear@length@a=\dimen288
\pgf@curvilinear@length@b=\dimen289
\pgf@curvilinear@length@c=\dimen290
\pgf@curvilinear@length@d=\dimen291
)
\pgf@arrows@the@rigidity=\dimen292
))
(/usr/share/texlive/texmf-dist/tex/generic/pgf/frontendlayer/tikz/libraries/tik
zlibraryfpu.code.tex
(/usr/share/texlive/texmf-dist/tex/generic/pgf/libraries/pgflibraryfpu.code.tex
)) (/usr/share/texlive/texmf-dist/tex/generic/circuitikz/pgfcirc.defines.tex
\pgf@circ@count@a=\count317
\pgf@circ@count@b=\count318
\pgf@circ@count@c=\count319
\pgf@circ@res@up=\dimen293
\pgf@circ@res@down=\dimen294
\pgf@circ@res@zero=\dimen295
\pgf@circ@res@left=\dimen296
\pgf@circ@res@right=\dimen297
\pgf@circ@res@other=\dimen298
\pgf@circ@res@step=\dimen299
\pgf@circ@res@temp=\dimen300
\pgf@circ@Rlen=\dimen301
\pgf@circ@scaled@Rlen=\dimen302
\pgfstartlinewidth=\dimen303
)
(/usr/share/texlive/texmf-dist/tex/generic/circuitikz/pgfcircutils.tex
\ctikz@scratchbox=\box77
)
(/usr/share/texlive/texmf-dist/tex/generic/circuitikz/pgfcircpath.tex)
(/usr/share/texlive/texmf-dist/tex/generic/circuitikz/pgfcircshapes.tex)
(/usr/share/texlive/texmf-dist/tex/generic/circuitikz/pgfcircmonopoles.tex)
(/usr/share/texlive/texmf-dist/tex/generic/circuitikz/pgfcircbipoles.tex)
(/usr/share/texlive/texmf-dist/tex/generic/circuitikz/pgfcirctripoles.tex
\pgf@circ@res@count=\count320
)
(/usr/share/texlive/texmf-dist/tex/generic/circuitikz/pgfcircquadpoles.tex)
(/usr/share/texlive/texmf-dist/tex/generic/circuitikz/pgfcircmultipoles.tex)
(/usr/share/texlive/texmf-dist/tex/generic/circuitikz/pgfcirclabel.tex)
(/usr/share/texlive/texmf-dist/tex/generic/circuitikz/pgfcircvoltage.tex
\pgfcirc@labelshift=\dimen304
)
(/usr/share/texlive/texmf-dist/tex/generic/circuitikz/pgfcirccurrent.tex)
(/usr/share/texlive/texmf-dist/tex/generic/circuitikz/pgfcircflow.tex))
(/usr/share/texlive/texmf-dist/tex/latex/pdfpages/pdfpages.sty
Package: pdfpages 2022/01/29 v0.5u Insert pages of external PDF documents (AM)

(/usr/share/texlive/texmf-dist/tex/latex/base/ifthen.sty
Package: ifthen 2020/11/24 v1.1c Standard LaTeX ifthen package (DPC)
)
(/usr/share/texlive/texmf-dist/tex/latex/tools/calc.sty
Package: calc 2017/05/25 v4.3 Infix arithmetic (KKT,FJ)
\calc@Acount=\count321
\calc@Bcount=\count322
\calc@Adimen=\dimen305
\calc@Bdimen=\dimen306
\calc@Askip=\skip54
\calc@Bskip=\skip55
LaTeX Info: Redefining \setlength on input line 80.
LaTeX Info: Redefining \addtolength on input line 81.
\calc@Ccount=\count323
\calc@Cskip=\skip56
)
(/usr/share/texlive/texmf-dist/tex/latex/eso-pic/eso-pic.sty
Package: eso-pic 2020/10/14 v3.0a eso-pic (RN)
\ESO@tempdima=\dimen307
\ESO@tempdimb=\dimen308
)
\AM@pagewidth=\dimen309
\AM@pageheight=\dimen310
\AM@fboxrule=\dimen311

(/usr/share/texlive/texmf-dist/tex/latex/pdfpages/pppdftex.def
File: pppdftex.def 2022/01/29 v0.5u Pdfpages driver for pdfTeX (AM)
)
\pdfpages@includegraphics@status=\count324
\AM@pagebox=\box78
\AM@global@opts=\toks40
\AM@pagecnt=\count325
\AM@toc@title=\toks41
\c@AM@survey=\count326
\AM@templatesizebox=\box79
)
(/usr/share/texlive/texmf-dist/tex/latex/booktabs/booktabs.sty
Package: booktabs 2020/01/12 v1.61803398 Publication quality tables
\heavyrulewidth=\dimen312
\lightrulewidth=\dimen313
\cmidrulewidth=\dimen314
\belowrulesep=\dimen315
\belowbottomsep=\dimen316
\aboverulesep=\dimen317
\abovetopsep=\dimen318
\cmidrulesep=\dimen319
\cmidrulekern=\dimen320
\defaultaddspace=\dimen321
\@cmidla=\count327
\@cmidlb=\count328
\@aboverulesep=\dimen322
\@belowrulesep=\dimen323
\@thisruleclass=\count329
\@lastruleclass=\count330
\@thisrulewidth=\dimen324
)
(/usr/share/texlive/texmf-dist/tex/latex/tools/multicol.sty
Package: multicol 2021/10/28 v1.9b multicolumn formatting (FMi)
\c@tracingmulticols=\count331
\mult@box=\box80
\multicol@leftmargin=\dimen325
\c@unbalance=\count332
\c@collectmore=\count333
\doublecol@number=\count334
\multicoltolerance=\count335
\multicolpretolerance=\count336
\full@width=\dimen326
\page@free=\dimen327
\premulticols=\dimen328
\postmulticols=\dimen329
\multicolsep=\skip57
\multicolbaselineskip=\skip58
\partial@page=\box81
\last@line=\box82
\maxbalancingoverflow=\dimen330
\mult@rightbox=\box83
\mult@grightbox=\box84
\mult@firstbox=\box85
\mult@gfirstbox=\box86
\@tempa=\box87
\@tempa=\box88
\@tempa=\box89
\@tempa=\box90
\@tempa=\box91
\@tempa=\box92
\@tempa=\box93
\@tempa=\box94
\@tempa=\box95
\@tempa=\box96
\@tempa=\box97
\@tempa=\box98
\@tempa=\box99
\@tempa=\box100
\@tempa=\box101
\@tempa=\box102
\@tempa=\box103
\@tempa=\box104
\@tempa=\box105
\@tempa=\box106
\@tempa=\box107
\@tempa=\box108
\@tempa=\box109
\@tempa=\box110
\@tempa=\box111
\@tempa=\box112
\@tempa=\box113
\@tempa=\box114
\@tempa=\box115
\@tempa=\box116
\@tempa=\box117
\@tempa=\box118
\@tempa=\box119
\@tempa=\box120
\@tempa=\box121
\@tempa=\box122
\c@minrows=\count337
\c@columnbadness=\count338
\c@finalcolumnbadness=\count339
\last@try=\dimen331
\multicolovershoot=\dimen332
\multicolundershoot=\dimen333
\mult@nat@firstbox=\box123
\colbreak@box=\box124
\mc@col@check@num=\count340
)
(/usr/share/texlive/texmf-dist/tex/latex/hyperref/hyperref.sty
Package: hyperref 2021-06-07 v7.00m Hypertext links for LaTeX

(/usr/share/texlive/texmf-dist/tex/generic/kvsetkeys/kvsetkeys.sty
Package: kvsetkeys 2019/12/15 v1.18 Key value parser (HO)
)
(/usr/share/texlive/texmf-dist/tex/generic/kvdefinekeys/kvdefinekeys.sty
Package: kvdefinekeys 2019-12-19 v1.6 Define keys (HO)
)
(/usr/share/texlive/texmf-dist/tex/generic/pdfescape/pdfescape.sty
Package: pdfescape 2019/12/09 v1.15 Implements pdfTeX's escape features (HO)
)
(/usr/share/texlive/texmf-dist/tex/latex/hycolor/hycolor.sty
Package: hycolor 2020-01-27 v1.10 Color options for hyperref/bookmark (HO)
)
(/usr/share/texlive/texmf-dist/tex/latex/letltxmacro/letltxmacro.sty
Package: letltxmacro 2019/12/03 v1.6 Let assignment for LaTeX macros (HO)
)
(/usr/share/texlive/texmf-dist/tex/latex/auxhook/auxhook.sty
Package: auxhook 2019-12-17 v1.6 Hooks for auxiliary files (HO)
)
(/usr/share/texlive/texmf-dist/tex/latex/kvoptions/kvoptions.sty
Package: kvoptions 2020-10-07 v3.14 Key value format for package options (HO)
)
\@linkdim=\dimen334
\Hy@linkcounter=\count341
\Hy@pagecounter=\count342

(/usr/share/texlive/texmf-dist/tex/latex/hyperref/pd1enc.def
File: pd1enc.def 2021-06-07 v7.00m Hyperref: PDFDocEncoding definition (HO)
Now handling font encoding PD1 ...
... no UTF-8 mapping file for font encoding PD1
)
(/usr/share/texlive/texmf-dist/tex/latex/hyperref/hyperref-langpatches.def
File: hyperref-langpatches.def 2021-06-07 v7.00m Hyperref: patches for babel la
nguages
)
(/usr/share/texlive/texmf-dist/tex/generic/intcalc/intcalc.sty
Package: intcalc 2019/12/15 v1.3 Expandable calculations with integers (HO)
)
(/usr/share/texlive/texmf-dist/tex/generic/etexcmds/etexcmds.sty
Package: etexcmds 2019/12/15 v1.7 Avoid name clashes with e-TeX commands (HO)
)
\Hy@SavedSpaceFactor=\count343

(/usr/share/texlive/texmf-dist/tex/latex/hyperref/puenc.def
File: puenc.def 2021-06-07 v7.00m Hyperref: PDF Unicode definition (HO)
Now handling font encoding PU ...
... no UTF-8 mapping file for font encoding PU
)
Package hyperref Info: Option `bookmarks' set `true' on input line 4073.
Package hyperref Info: Option `colorlinks' set `true' on input line 4073.
Package hyperref Info: Hyper figures OFF on input line 4192.
Package hyperref Info: Link nesting OFF on input line 4197.
Package hyperref Info: Hyper index ON on input line 4200.
Package hyperref Info: Plain pages OFF on input line 4207.
Package hyperref Info: Backreferencing OFF on input line 4212.
Package hyperref Info: Implicit mode ON; LaTeX internals redefined.
Package hyperref Info: Bookmarks ON on input line 4445.
\c@Hy@tempcnt=\count344

(/usr/share/texlive/texmf-dist/tex/latex/url/url.sty
\Urlmuskip=\muskip17
Package: url 2013/09/16  ver 3.4  Verb mode for urls, etc.
)
LaTeX Info: Redefining \url on input line 4804.
\XeTeXLinkMargin=\dimen335

(/usr/share/texlive/texmf-dist/tex/generic/bitset/bitset.sty
Package: bitset 2019/12/09 v1.3 Handle bit-vector datatype (HO)

(/usr/share/texlive/texmf-dist/tex/generic/bigintcalc/bigintcalc.sty
Package: bigintcalc 2019/12/15 v1.5 Expandable calculations on big integers (HO
)
))
\Fld@menulength=\count345
\Field@Width=\dimen336
\Fld@charsize=\dimen337
Package hyperref Info: Hyper figures OFF on input line 6076.
Package hyperref Info: Link nesting OFF on input line 6081.
Package hyperref Info: Hyper index ON on input line 6084.
Package hyperref Info: backreferencing OFF on input line 6091.
Package hyperref Info: Link coloring ON on input line 6094.
Package hyperref Info: Link coloring with OCG OFF on input line 6101.
Package hyperref Info: PDF/A mode OFF on input line 6106.
LaTeX Info: Redefining \ref on input line 6146.
LaTeX Info: Redefining \pageref on input line 6150.

(/usr/share/texlive/texmf-dist/tex/latex/base/atbegshi-ltx.sty
Package: atbegshi-ltx 2021/01/10 v1.0c Emulation of the original atbegshi
package with kernel methods
)
\Hy@abspage=\count346
\c@Item=\count347
\c@Hfootnote=\count348
)
Package hyperref Info: Driver (autodetected): hpdftex.

(/usr/share/texlive/texmf-dist/tex/latex/hyperref/hpdftex.def
File: hpdftex.def 2021-06-07 v7.00m Hyperref driver for pdfTeX

(/usr/share/texlive/texmf-dist/tex/latex/base/atveryend-ltx.sty
Package: atveryend-ltx 2020/08/19 v1.0a Emulation of the original atveryend pac
kage
with kernel methods
)
\Fld@listcount=\count349
\c@bookmark@seq@number=\count350

(/usr/share/texlive/texmf-dist/tex/latex/rerunfilecheck/rerunfilecheck.sty
Package: rerunfilecheck 2019/12/05 v1.9 Rerun checks for auxiliary files (HO)

(/usr/share/texlive/texmf-dist/tex/generic/uniquecounter/uniquecounter.sty
Package: uniquecounter 2019/12/15 v1.4 Provide unlimited unique counter (HO)
)
Package uniquecounter Info: New unique counter `rerunfilecheck' on input line 2
86.
)
\Hy@SectionHShift=\skip59
)
(/usr/share/texlive/texmf-dist/tex/latex/geometry/geometry.sty
Package: geometry 2020/01/02 v5.9 Page Geometry

(/usr/share/texlive/texmf-dist/tex/generic/iftex/ifvtex.sty
Package: ifvtex 2019/10/25 v1.7 ifvtex legacy package. Use iftex instead.
)
\Gm@cnth=\count351
\Gm@cntv=\count352
\c@Gm@tempcnt=\count353
\Gm@bindingoffset=\dimen338
\Gm@wd@mp=\dimen339
\Gm@odd@mp=\dimen340
\Gm@even@mp=\dimen341
\Gm@layoutwidth=\dimen342
\Gm@layoutheight=\dimen343
\Gm@layouthoffset=\dimen344
\Gm@layoutvoffset=\dimen345
\Gm@dimlist=\toks42
)
(/usr/share/texlive/texmf-dist/tex/latex/multirow/multirow.sty
Package: multirow 2021/03/15 v2.8 Span multiple rows of a table
\multirow@colwidth=\skip60
\multirow@cntb=\count354
\multirow@dima=\skip61
\bigstrutjot=\dimen346
)
(/usr/share/texlive/texmf-dist/tex/latex/float/float.sty
Package: float 2001/11/08 v1.3d Float enhancements (AL)
\c@float@type=\count355
\float@exts=\toks43
\float@box=\box125
\@float@everytoks=\toks44
\@floatcapt=\box126
)
(/usr/share/texlive/texmf-dist/tex/latex/tools/enumerate.sty
Package: enumerate 2015/07/23 v3.00 enumerate extensions (DPC)
\@enLab=\toks45
) (./main.aux
LaTeX Info: Redefining \. on input line 26.
LaTeX Info: Redefining \% on input line 26.
)
\openout1 = `main.aux'.

LaTeX Font Info:    Checking defaults for OML/cmm/m/it on input line 61.
LaTeX Font Info:    ... okay on input line 61.
LaTeX Font Info:    Checking defaults for OMS/cmsy/m/n on input line 61.
LaTeX Font Info:    ... okay on input line 61.
LaTeX Font Info:    Checking defaults for OT1/cmr/m/n on input line 61.
LaTeX Font Info:    ... okay on input line 61.
LaTeX Font Info:    Checking defaults for T1/cmr/m/n on input line 61.
LaTeX Font Info:    ... okay on input line 61.
LaTeX Font Info:    Checking defaults for TS1/cmr/m/n on input line 61.
LaTeX Font Info:    ... okay on input line 61.
LaTeX Font Info:    Checking defaults for OMX/cmex/m/n on input line 61.
LaTeX Font Info:    ... okay on input line 61.
LaTeX Font Info:    Checking defaults for U/cmr/m/n on input line 61.
LaTeX Font Info:    ... okay on input line 61.
LaTeX Font Info:    Checking defaults for PD1/pdf/m/n on input line 61.
LaTeX Font Info:    ... okay on input line 61.
LaTeX Font Info:    Checking defaults for PU/pdf/m/n on input line 61.
LaTeX Font Info:    ... okay on input line 61.
LaTeX Info: Redefining \. on input line 61.
LaTeX Info: Redefining \% on input line 61.

(/usr/share/texlive/texmf-dist/tex/latex/translations/translations-basic-dictio
nary-spanish.trsl
File: translations-basic-dictionary-spanish.trsl (spanish translation file `tra
nslations-basic-dictionary')
)
Package translations Info: loading dictionary `translations-basic-dictionary' f
or `spanish'. on input line 61.

(/usr/share/texlive/texmf-dist/tex/context/base/mkii/supp-pdf.mkii
[Loading MPS to PDF converter (version 2006.09.02).]
\scratchcounter=\count356
\scratchdimen=\dimen347
\scratchbox=\box127
\nofMPsegments=\count357
\nofMParguments=\count358
\everyMPshowfont=\toks46
\MPscratchCnt=\count359
\MPscratchDim=\dimen348
\MPnumerator=\count360
\makeMPintoPDFobject=\count361
\everyMPtoPDFconversion=\toks47
) (/usr/share/texlive/texmf-dist/tex/latex/epstopdf-pkg/epstopdf-base.sty
Package: epstopdf-base 2020-01-24 v2.11 Base part for package epstopdf
Package epstopdf-base Info: Redefining graphics rule for `.eps' on input line 4
85.

(/usr/share/texlive/texmf-dist/tex/latex/latexconfig/epstopdf-sys.cfg
File: epstopdf-sys.cfg 2010/07/13 v1.3 Configuration of (r)epstopdf for TeX Liv
e
))
\c@lstlisting=\count362

(/usr/share/texlive/texmf-dist/tex/latex/pdflscape/pdflscape.sty
Package: pdflscape 2019/12/05 v0.12 Display of landscape pages in PDF (HO)

(/usr/share/texlive/texmf-dist/tex/latex/graphics/lscape.sty
Package: lscape 2020/05/28 v3.02 Landscape Pages (DPC)
)
Package pdflscape Info: Auto-detected driver: pdftex on input line 81.
)
Package hyperref Info: Link coloring ON on input line 61.

(/usr/share/texlive/texmf-dist/tex/latex/hyperref/nameref.sty
Package: nameref 2021-04-02 v2.47 Cross-referencing by name of section

(/usr/share/texlive/texmf-dist/tex/latex/refcount/refcount.sty
Package: refcount 2019/12/15 v3.6 Data extraction from label references (HO)
)
(/usr/share/texlive/texmf-dist/tex/generic/gettitlestring/gettitlestring.sty
Package: gettitlestring 2019/12/15 v1.6 Cleanup title references (HO)
)
\c@section@level=\count363
)
LaTeX Info: Redefining \ref on input line 61.
LaTeX Info: Redefining \pageref on input line 61.
LaTeX Info: Redefining \nameref on input line 61.

(./main.out) (./main.out)
\@outlinefile=\write4
\openout4 = `main.out'.


*geometry* driver: auto-detecting
*geometry* detected driver: pdftex
*geometry* verbose mode - [ preamble ] result:
* driver: pdftex
* paper: a4paper
* layout: <same size as paper>
* layoutoffset:(h,v)=(0.0pt,0.0pt)
* modes: 
* h-part:(L,W,R)=(56.9055pt, 483.69687pt, 56.9055pt)
* v-part:(T,H,B)=(56.9055pt, 731.23584pt, 56.9055pt)
* \paperwidth=597.50787pt
* \paperheight=845.04684pt
* \textwidth=483.69687pt
* \textheight=731.23584pt
* \oddsidemargin=-15.36449pt
* \evensidemargin=-15.36449pt
* \topmargin=-52.36449pt
* \headheight=12.0pt
* \headsep=25.0pt
* \topskip=12.0pt
* \footskip=30.0pt
* \marginparwidth=35.0pt
* \marginparsep=10.0pt
* \columnsep=10.0pt
* \skip\footins=10.8pt plus 4.0pt minus 2.0pt
* \hoffset=0.0pt
* \voffset=0.0pt
* \mag=1000
* \@twocolumnfalse
* \@twosidefalse
* \@mparswitchfalse
* \@reversemarginfalse
* (1in=72.27pt=25.4mm, 1cm=28.453pt)


! LaTeX Error: There's no line here to end.

See the LaTeX manual or LaTeX Companion for explanation.
Type  H <return>  for immediate help.
 ...                                              
                                                  
l.64 \thispagestyle
                   {empty}%%no numerar la portada
Your command was ignored.
Type  I <command> <return>  to replace it with another command,
or  <return>  to continue without it.

LaTeX Font Info:    Trying to load font information for U+msa on input line 64.

(/usr/share/texlive/texmf-dist/tex/latex/amsfonts/umsa.fd
File: umsa.fd 2013/01/14 v3.01 AMS symbols A
)
LaTeX Font Info:    Trying to load font information for U+msb on input line 64.


(/usr/share/texlive/texmf-dist/tex/latex/amsfonts/umsb.fd
File: umsb.fd 2013/01/14 v3.01 AMS symbols B
) [1

{/var/lib/texmf/fonts/map/pdftex/updmap/pdftex.map}] (./main.toc
LaTeX Info: Redefining \. on input line 1.
LaTeX Info: Redefining \% on input line 1.
)
\tf@toc=\write5
\openout5 = `main.toc'.

 [2] (./main.lof
LaTeX Info: Redefining \. on input line 1.
LaTeX Info: Redefining \% on input line 1.
)
\tf@lof=\write6
\openout6 = `main.lof'.

 [3]
(./main.lot
LaTeX Info: Redefining \. on input line 1.
LaTeX Info: Redefining \% on input line 1.
)
\tf@lot=\write7
\openout7 = `main.lot'.

 [4] [1] (./2_Nota_te_rica.tex
Underfull \hbox (badness 10000) in paragraph at lines 10--11
[]\OT1/cmr/m/n/12 Bluetooth 5, IEEE 802.15.4-2006,
 []

[2]
<Imagenes/1.png, id=120, 462.72874pt x 639.38875pt>
File: Imagenes/1.png Graphic file (type png)
<use Imagenes/1.png>
Package pdftex.def Info: Imagenes/1.png  used on input line 32.
(pdftex.def)             Requested size: 266.03474pt x 367.60664pt.
 [3pdfTeX warning (ext4): destination with the same identifier (name{figure.1})
 has been already used, duplicate ignored
<argument> ...shipout:D \box_use:N \l_shipout_box 
                                                  \__shipout_drop_firstpage_...
l.36 \newpage
              <./Imagenes/1.png>]
<Imagenes/2.png, id=129, 605.26125pt x 374.39874pt>
File: Imagenes/2.png Graphic file (type png)
<use Imagenes/2.png>
Package pdftex.def Info: Imagenes/2.png  used on input line 41.
(pdftex.def)             Requested size: 266.03474pt x 164.56456pt.
<Imagenes/3.png, id=131, 792.9625pt x 642.4pt>
File: Imagenes/3.png Graphic file (type png)
<use Imagenes/3.png>
Package pdftex.def Info: Imagenes/3.png  used on input line 49.
(pdftex.def)             Requested size: 266.03474pt x 215.52145pt.
<Imagenes/3.1.png, id=133, 671.50874pt x 191.71625pt>
File: Imagenes/3.1.png Graphic file (type png)
<use Imagenes/3.1.png>
Package pdftex.def Info: Imagenes/3.1.png  used on input line 56.
(pdftex.def)             Requested size: 266.03474pt x 75.9538pt.
 [4pdfTeX warning (ext4): destination with the same identifier (name{figure.2})
 has been already used, duplicate ignored
<argument> ...shipout:D \box_use:N \l_shipout_box 
                                                  \__shipout_drop_firstpage_...
l.64 \begin{itemize}
                    pdfTeX warning (ext4): destination with the same identifier
 (name{figure.3}) has been already used, duplicate ignored
<argument> ...shipout:D \box_use:N \l_shipout_box 
                                                  \__shipout_drop_firstpage_...
l.64 \begin{itemize}
                    pdfTeX warning (ext4): destination with the same identifier
 (name{figure.4}) has been already used, duplicate ignored
<argument> ...shipout:D \box_use:N \l_shipout_box 
                                                  \__shipout_drop_firstpage_...
l.64 \begin{itemize}
                     <./Imagenes/2.png> <./Imagenes/3.png> <./Imagenes/3.1.png>
]
<Imagenes/k1.png, id=142, 759.83875pt x 590.205pt>
File: Imagenes/k1.png Graphic file (type png)
<use Imagenes/k1.png>
Package pdftex.def Info: Imagenes/k1.png  used on input line 75.
(pdftex.def)             Requested size: 266.03474pt x 206.64688pt.
 (./sch1.tex) [5pdfTeX warning (ext4): destination with the same identifier (na
me{figure.5}) has been already used, duplicate ignored
<argument> ...shipout:D \box_use:N \l_shipout_box 
                                                  \__shipout_drop_firstpage_...
l.101 A
        partir de lo mostrado anteriormente se consultaron las referencias d...
pdfTeX warning (ext4): destination with the same identifier (name{table.1}) has
 been already used, duplicate ignored
<argument> ...shipout:D \box_use:N \l_shipout_box 
                                                  \__shipout_drop_firstpage_...
l.101 A
        partir de lo mostrado anteriormente se consultaron las referencias d...
 <./Imagenes/k1.png>] [6pdfTeX warning (ext4): destination with the same identi
fier (name{figure.6}) has been already used, duplicate ignored
<argument> ...shipout:D \box_use:N \l_shipout_box 
                                                  \__shipout_drop_firstpage_...
l.102 \newpage
              ]) (./Desarrollo_Analisis.tex
<Imagenes/4.png, id=163, 354.32375pt x 520.94624pt>
File: Imagenes/4.png Graphic file (type png)
<use Imagenes/4.png>
Package pdftex.def Info: Imagenes/4.png  used on input line 7.
(pdftex.def)             Requested size: 162.51997pt x 238.94662pt.
<Imagenes/5.png, id=164, 1370.11874pt x 669.50125pt>
File: Imagenes/5.png Graphic file (type png)
<use Imagenes/5.png>
Package pdftex.def Info: Imagenes/5.png  used on input line 12.
(pdftex.def)             Requested size: 237.00938pt x 115.80577pt.

Overfull \hbox (87.06187pt too wide) in paragraph at lines 5--15
[]$[]$ $[]$ 
 []

<Imagenes/k (1).jpg, id=169, 925.056pt x 484.209pt>
File: Imagenes/k (1).jpg Graphic file (type jpg)
<use Imagenes/k (1).jpg>
Package pdftex.def Info: Imagenes/k (1).jpg  used on input line 35.
(pdftex.def)             Requested size: 314.40001pt x 164.56976pt.
[7pdfTeX warning (ext4): destination with the same identifier (name{figure.7}) 
has been already used, duplicate ignored
<argument> ...shipout:D \box_use:N \l_shipout_box 
                                                  \__shipout_drop_firstpage_...
l.38 
     pdfTeX warning (ext4): destination with the same identifier (name{figure.8
}) has been already used, duplicate ignored
<argument> ...shipout:D \box_use:N \l_shipout_box 
                                                  \__shipout_drop_firstpage_...
l.38 
      <./Imagenes/4.png> <./Imagenes/5.png>]
<Imagenes/k (2).jpg, id=176, 925.056pt x 482.7636pt>
File: Imagenes/k (2).jpg Graphic file (type jpg)
<use Imagenes/k (2).jpg>
Package pdftex.def Info: Imagenes/k (2).jpg  used on input line 41.
(pdftex.def)             Requested size: 314.40001pt x 164.0785pt.
<Imagenes/k (3).jpg, id=177, 925.056pt x 484.9317pt>
File: Imagenes/k (3).jpg Graphic file (type jpg)
<use Imagenes/k (3).jpg>
Package pdftex.def Info: Imagenes/k (3).jpg  used on input line 48.
(pdftex.def)             Requested size: 314.40001pt x 164.8154pt.
<Imagenes/k (4).jpg, id=178, 925.056pt x 484.9317pt>
File: Imagenes/k (4).jpg Graphic file (type jpg)
<use Imagenes/k (4).jpg>
Package pdftex.def Info: Imagenes/k (4).jpg  used on input line 54.
(pdftex.def)             Requested size: 314.40001pt x 164.8154pt.
 [8pdfTeX warning (ext4): destination with the same identifier (name{figure.9})
 has been already used, duplicate ignored
<argument> ...shipout:D \box_use:N \l_shipout_box 
                                                  \__shipout_drop_firstpage_...
l.57 
     pdfTeX warning (ext4): destination with the same identifier (name{figure.1
0}) has been already used, duplicate ignored
<argument> ...shipout:D \box_use:N \l_shipout_box 
                                                  \__shipout_drop_firstpage_...
l.57 
     pdfTeX warning (ext4): destination with the same identifier (name{figure.1
1}) has been already used, duplicate ignored
<argument> ...shipout:D \box_use:N \l_shipout_box 
                                                  \__shipout_drop_firstpage_...
l.57 
      <./Imagenes/k (1).jpg> <./Imagenes/k (2).jpg> <./Imagenes/k (3).jpg>]
<Imagenes/k (5).jpg, id=183, 925.056pt x 487.8225pt>
File: Imagenes/k (5).jpg Graphic file (type jpg)
<use Imagenes/k (5).jpg>
Package pdftex.def Info: Imagenes/k (5).jpg  used on input line 60.
(pdftex.def)             Requested size: 314.40001pt x 165.7979pt.

Underfull \hbox (badness 10000) in paragraph at lines 64--65

 []

[9pdfTeX warning (ext4): destination with the same identifier (name{figure.12})
 has been already used, duplicate ignored
<argument> ...shipout:D \box_use:N \l_shipout_box 
                                                  \__shipout_drop_firstpage_...
l.67 ...e añadir los mapas de los gestos:\newpage
                                                  pdfTeX warning (ext4): destin
ation with the same identifier (name{figure.13}) has been already used, duplica
te ignored
<argument> ...shipout:D \box_use:N \l_shipout_box 
                                                  \__shipout_drop_firstpage_...
l.67 ...e añadir los mapas de los gestos:\newpage
                                                   <./Imagenes/k (4).jpg> <./Im
agenes/k (5).jpg>]
<Imagenes/arm_up.png, id=190, 305.14pt x 75.28125pt>
File: Imagenes/arm_up.png Graphic file (type png)
<use Imagenes/arm_up.png>
Package pdftex.def Info: Imagenes/arm_up.png  used on input line 81.
(pdftex.def)             Requested size: 116.08621pt x 28.63933pt.
<Imagenes/punch.png, id=191, 297.11pt x 78.2925pt>
File: Imagenes/punch.png Graphic file (type png)
<use Imagenes/punch.png>
Package pdftex.def Info: Imagenes/punch.png  used on input line 86.
(pdftex.def)             Requested size: 116.08621pt x 30.59009pt.
<Imagenes/circle.png, id=192, 302.12875pt x 70.2625pt>
File: Imagenes/circle.png Graphic file (type png)
<use Imagenes/circle.png>
Package pdftex.def Info: Imagenes/circle.png  used on input line 91.
(pdftex.def)             Requested size: 116.08621pt x 26.997pt.
<Imagenes/brazo_up.png, id=193, 297.11pt x 70.2625pt>
File: Imagenes/brazo_up.png Graphic file (type png)
<use Imagenes/brazo_up.png>
Package pdftex.def Info: Imagenes/brazo_up.png  used on input line 96.
(pdftex.def)             Requested size: 116.08621pt x 27.45264pt.

Overfull \hbox (2.61108pt too wide) in paragraph at lines 79--99
[]$ $[]$ 
 []

<Imagenes/11.png, id=198, 376.40625pt x 451.6875pt>
File: Imagenes/11.png Graphic file (type png)
<use Imagenes/11.png>
Package pdftex.def Info: Imagenes/11.png  used on input line 103.
(pdftex.def)             Requested size: 193.47578pt x 232.17711pt.
[10pdfTeX warning (ext4): destination with the same identifier (name{figure.14}
) has been already used, duplicate ignored
<argument> ...shipout:D \box_use:N \l_shipout_box 
                                                  \__shipout_drop_firstpage_...
l.108 \newpage
              pdfTeX warning (ext4): destination with the same identifier (name
{figure.15}) has been already used, duplicate ignored
<argument> ...shipout:D \box_use:N \l_shipout_box 
                                                  \__shipout_drop_firstpage_...
l.108 \newpage
              pdfTeX warning (ext4): destination with the same identifier (name
{figure.16}) has been already used, duplicate ignored
<argument> ...shipout:D \box_use:N \l_shipout_box 
                                                  \__shipout_drop_firstpage_...
l.108 \newpage
              pdfTeX warning (ext4): destination with the same identifier (name
{figure.17}) has been already used, duplicate ignored
<argument> ...shipout:D \box_use:N \l_shipout_box 
                                                  \__shipout_drop_firstpage_...
l.108 \newpage
              pdfTeX warning (ext4): destination with the same identifier (name
{figure.18}) has been already used, duplicate ignored
<argument> ...shipout:D \box_use:N \l_shipout_box 
                                                  \__shipout_drop_firstpage_...
l.108 \newpage
               <./Imagenes/arm_up.png> <./Imagenes/punch.png> <./Imagenes/circl
e.png> <./Imagenes/brazo_up.png> <./Imagenes/11.png>])
(./Conclusiones_recomendaciones.tex) [11] (./6_Bibliografia.tex (./main.bbl
Underfull \hbox (badness 1436) in paragraph at lines 4--9
[]\OT1/cmr/m/n/12 Nordic In-fo-cen-ter.  nrf52840 da-tasheet.  Nor-dic In-fo-ce
n-ter, [][]$\OT1/cmtt/m/n/12 https : / / infocenter .
 []


Underfull \hbox (badness 10000) in paragraph at lines 27--33
\OT1/cmtt/m/n/12 github / arduino / ArduinoTensorFlowLiteTutorials / blob / mas
ter / GestureToEmoji /
 []


Underfull \hbox (badness 10000) in paragraph at lines 35--41
[]\OT1/cmr/m/n/12 Arduino Docs.  Get star-ted with ma-chi-ne lear-ning on ar-du
ino.  Ar-
 []


Underfull \hbox (badness 10000) in paragraph at lines 35--41
\OT1/cmr/m/n/12 duino Docs, [][]$\OT1/cmtt/m/n/12 https : / / docs . arduino . 
cc / tutorials / nano-[]33-[]ble-[]sense /
 []


Underfull \hbox (badness 10000) in paragraph at lines 43--49
[]\OT1/cmr/m/n/12 Arduino.  Imu cap-tu-re.  Ar-duino, [][]$\OT1/cmtt/m/n/12 htt
ps : / / github . com / arduino /
 []


Underfull \hbox (badness 10000) in paragraph at lines 43--49
\OT1/cmtt/m/n/12 ArduinoTensorFlowLiteTutorials / tree / master / GestureToEmoj
i / ArduinoSketches /
 []

) [12]) (./Apendices.tex
<./Documentos/nRF52840_PS_v1.1.pdf, id=235, 597.50731pt x 845.04607pt>
File: ./Documentos/nRF52840_PS_v1.1.pdf Graphic file (type pdf)
<use ./Documentos/nRF52840_PS_v1.1.pdf>
Package pdftex.def Info: ./Documentos/nRF52840_PS_v1.1.pdf  used on input line 
7.
(pdftex.def)             Requested size: 597.50584pt x 845.044pt.
File: ./Documentos/nRF52840_PS_v1.1.pdf Graphic file (type pdf)
<use ./Documentos/nRF52840_PS_v1.1.pdf>
Package pdftex.def Info: ./Documentos/nRF52840_PS_v1.1.pdf  used on input line 
7.
(pdftex.def)             Requested size: 597.50584pt x 845.044pt.
<./Documentos/nRF52840_PS_v1.1.pdf, id=238, page=2, 597.50731pt x 845.04607pt>
File: ./Documentos/nRF52840_PS_v1.1.pdf Graphic file (type pdf)
<use ./Documentos/nRF52840_PS_v1.1.pdf, page 2>
Package pdftex.def Info: ./Documentos/nRF52840_PS_v1.1.pdf , page2 used on inpu
t line 7.
(pdftex.def)             Requested size: 597.50584pt x 845.044pt.
File: ./Documentos/nRF52840_PS_v1.1.pdf Graphic file (type pdf)
<use ./Documentos/nRF52840_PS_v1.1.pdf, page 2>
Package pdftex.def Info: ./Documentos/nRF52840_PS_v1.1.pdf , page2 used on inpu
t line 7.
(pdftex.def)             Requested size: 597.53319pt x 845.08269pt.
 [13]
File: ./Documentos/nRF52840_PS_v1.1.pdf Graphic file (type pdf)
<use ./Documentos/nRF52840_PS_v1.1.pdf, page 2>
Package pdftex.def Info: ./Documentos/nRF52840_PS_v1.1.pdf , page2 used on inpu
t line 7.
(pdftex.def)             Requested size: 597.53319pt x 845.08269pt.
File: ./Documentos/nRF52840_PS_v1.1.pdf Graphic file (type pdf)
<use ./Documentos/nRF52840_PS_v1.1.pdf, page 2>
Package pdftex.def Info: ./Documentos/nRF52840_PS_v1.1.pdf , page2 used on inpu
t line 7.
(pdftex.def)             Requested size: 597.53319pt x 845.08269pt.
File: ./Documentos/nRF52840_PS_v1.1.pdf Graphic file (type pdf)
<use ./Documentos/nRF52840_PS_v1.1.pdf, page 2>
Package pdftex.def Info: ./Documentos/nRF52840_PS_v1.1.pdf , page2 used on inpu
t line 7.
(pdftex.def)             Requested size: 597.53319pt x 845.08269pt.
 [14 <./Documentos/nRF52840_PS_v1.1.pdf>]
File: ./Documentos/nRF52840_PS_v1.1.pdf Graphic file (type pdf)
<use ./Documentos/nRF52840_PS_v1.1.pdf>
Package pdftex.def Info: ./Documentos/nRF52840_PS_v1.1.pdf  used on input line 
7.
(pdftex.def)             Requested size: 597.50584pt x 845.044pt.
File: ./Documentos/nRF52840_PS_v1.1.pdf Graphic file (type pdf)
<use ./Documentos/nRF52840_PS_v1.1.pdf>
Package pdftex.def Info: ./Documentos/nRF52840_PS_v1.1.pdf  used on input line 
7.
(pdftex.def)             Requested size: 597.50584pt x 845.044pt.
<./Documentos/nRF52840_PS_v1.1.pdf, id=910, page=3, 597.50731pt x 845.04607pt>
File: ./Documentos/nRF52840_PS_v1.1.pdf Graphic file (type pdf)
<use ./Documentos/nRF52840_PS_v1.1.pdf, page 3>
Package pdftex.def Info: ./Documentos/nRF52840_PS_v1.1.pdf , page3 used on inpu
t line 7.
(pdftex.def)             Requested size: 597.50584pt x 845.044pt.
File: ./Documentos/nRF52840_PS_v1.1.pdf Graphic file (type pdf)
<use ./Documentos/nRF52840_PS_v1.1.pdf, page 3>
Package pdftex.def Info: ./Documentos/nRF52840_PS_v1.1.pdf , page3 used on inpu
t line 7.
(pdftex.def)             Requested size: 597.53319pt x 845.08269pt.
File: ./Documentos/nRF52840_PS_v1.1.pdf Graphic file (type pdf)
<use ./Documentos/nRF52840_PS_v1.1.pdf, page 3>
Package pdftex.def Info: ./Documentos/nRF52840_PS_v1.1.pdf , page3 used on inpu
t line 7.
(pdftex.def)             Requested size: 597.53319pt x 845.08269pt.
File: ./Documentos/nRF52840_PS_v1.1.pdf Graphic file (type pdf)
<use ./Documentos/nRF52840_PS_v1.1.pdf, page 3>
Package pdftex.def Info: ./Documentos/nRF52840_PS_v1.1.pdf , page3 used on inpu
t line 7.
(pdftex.def)             Requested size: 597.53319pt x 845.08269pt.
File: ./Documentos/nRF52840_PS_v1.1.pdf Graphic file (type pdf)
<use ./Documentos/nRF52840_PS_v1.1.pdf, page 3>
Package pdftex.def Info: ./Documentos/nRF52840_PS_v1.1.pdf , page3 used on inpu
t line 7.
(pdftex.def)             Requested size: 597.53319pt x 845.08269pt.
 [15 <./Documentos/nRF52840_PS_v1.1.pdf>]
File: ./Documentos/nRF52840_PS_v1.1.pdf Graphic file (type pdf)
<use ./Documentos/nRF52840_PS_v1.1.pdf>
Package pdftex.def Info: ./Documentos/nRF52840_PS_v1.1.pdf  used on input line 
7.
(pdftex.def)             Requested size: 597.50584pt x 845.044pt.
File: ./Documentos/nRF52840_PS_v1.1.pdf Graphic file (type pdf)
<use ./Documentos/nRF52840_PS_v1.1.pdf>
Package pdftex.def Info: ./Documentos/nRF52840_PS_v1.1.pdf  used on input line 
7.
(pdftex.def)             Requested size: 597.50584pt x 845.044pt.
<./Documentos/nRF52840_PS_v1.1.pdf, id=918, page=18, 597.50731pt x 845.04607pt>

File: ./Documentos/nRF52840_PS_v1.1.pdf Graphic file (type pdf)
<use ./Documentos/nRF52840_PS_v1.1.pdf, page 18>
Package pdftex.def Info: ./Documentos/nRF52840_PS_v1.1.pdf , page18 used on inp
ut line 7.
(pdftex.def)             Requested size: 597.50584pt x 845.044pt.
File: ./Documentos/nRF52840_PS_v1.1.pdf Graphic file (type pdf)
<use ./Documentos/nRF52840_PS_v1.1.pdf, page 18>
Package pdftex.def Info: ./Documentos/nRF52840_PS_v1.1.pdf , page18 used on inp
ut line 7.
(pdftex.def)             Requested size: 597.53319pt x 845.08269pt.
File: ./Documentos/nRF52840_PS_v1.1.pdf Graphic file (type pdf)
<use ./Documentos/nRF52840_PS_v1.1.pdf, page 18>
Package pdftex.def Info: ./Documentos/nRF52840_PS_v1.1.pdf , page18 used on inp
ut line 7.
(pdftex.def)             Requested size: 597.53319pt x 845.08269pt.
File: ./Documentos/nRF52840_PS_v1.1.pdf Graphic file (type pdf)
<use ./Documentos/nRF52840_PS_v1.1.pdf, page 18>
Package pdftex.def Info: ./Documentos/nRF52840_PS_v1.1.pdf , page18 used on inp
ut line 7.
(pdftex.def)             Requested size: 597.53319pt x 845.08269pt.
File: ./Documentos/nRF52840_PS_v1.1.pdf Graphic file (type pdf)
<use ./Documentos/nRF52840_PS_v1.1.pdf, page 18>
Package pdftex.def Info: ./Documentos/nRF52840_PS_v1.1.pdf , page18 used on inp
ut line 7.
(pdftex.def)             Requested size: 597.53319pt x 845.08269pt.
 [16 <./Documentos/nRF52840_PS_v1.1.pdf>]
<./Documentos/DatasheetNano33BLE.pdf, id=923, 597.19106pt x 845.07718pt>
File: ./Documentos/DatasheetNano33BLE.pdf Graphic file (type pdf)
<use ./Documentos/DatasheetNano33BLE.pdf>
Package pdftex.def Info: ./Documentos/DatasheetNano33BLE.pdf  used on input lin
e 10.
(pdftex.def)             Requested size: 597.1896pt x 845.07512pt.
File: ./Documentos/DatasheetNano33BLE.pdf Graphic file (type pdf)
<use ./Documentos/DatasheetNano33BLE.pdf>
Package pdftex.def Info: ./Documentos/DatasheetNano33BLE.pdf  used on input lin
e 10.
(pdftex.def)             Requested size: 597.1896pt x 845.07512pt.
<./Documentos/DatasheetNano33BLE.pdf, id=926, page=1, 597.19106pt x 845.07718pt
>
File: ./Documentos/DatasheetNano33BLE.pdf Graphic file (type pdf)
<use ./Documentos/DatasheetNano33BLE.pdf, page 1>
Package pdftex.def Info: ./Documentos/DatasheetNano33BLE.pdf , page1 used on in
put line 10.
(pdftex.def)             Requested size: 597.1896pt x 845.07512pt.
File: ./Documentos/DatasheetNano33BLE.pdf Graphic file (type pdf)
<use ./Documentos/DatasheetNano33BLE.pdf, page 1>
Package pdftex.def Info: ./Documentos/DatasheetNano33BLE.pdf , page1 used on in
put line 10.
(pdftex.def)             Requested size: 597.21693pt x 845.1138pt.
File: ./Documentos/DatasheetNano33BLE.pdf Graphic file (type pdf)
<use ./Documentos/DatasheetNano33BLE.pdf, page 1>
Package pdftex.def Info: ./Documentos/DatasheetNano33BLE.pdf , page1 used on in
put line 10.
(pdftex.def)             Requested size: 597.21693pt x 845.1138pt.
File: ./Documentos/DatasheetNano33BLE.pdf Graphic file (type pdf)
<use ./Documentos/DatasheetNano33BLE.pdf, page 1>
Package pdftex.def Info: ./Documentos/DatasheetNano33BLE.pdf , page1 used on in
put line 10.
(pdftex.def)             Requested size: 597.21693pt x 845.1138pt.
File: ./Documentos/DatasheetNano33BLE.pdf Graphic file (type pdf)
<use ./Documentos/DatasheetNano33BLE.pdf, page 1>
Package pdftex.def Info: ./Documentos/DatasheetNano33BLE.pdf , page1 used on in
put line 10.
(pdftex.def)             Requested size: 597.21693pt x 845.1138pt.

[17 <./Documentos/DatasheetNano33BLE.pdf>]
File: ./Documentos/DatasheetNano33BLE.pdf Graphic file (type pdf)
<use ./Documentos/DatasheetNano33BLE.pdf>
Package pdftex.def Info: ./Documentos/DatasheetNano33BLE.pdf  used on input lin
e 10.
(pdftex.def)             Requested size: 597.1896pt x 845.07512pt.
File: ./Documentos/DatasheetNano33BLE.pdf Graphic file (type pdf)
<use ./Documentos/DatasheetNano33BLE.pdf>
Package pdftex.def Info: ./Documentos/DatasheetNano33BLE.pdf  used on input lin
e 10.
(pdftex.def)             Requested size: 597.1896pt x 845.07512pt.
<./Documentos/DatasheetNano33BLE.pdf, id=951, page=2, 597.19106pt x 845.07718pt
>
File: ./Documentos/DatasheetNano33BLE.pdf Graphic file (type pdf)
<use ./Documentos/DatasheetNano33BLE.pdf, page 2>
Package pdftex.def Info: ./Documentos/DatasheetNano33BLE.pdf , page2 used on in
put line 10.
(pdftex.def)             Requested size: 597.1896pt x 845.07512pt.
File: ./Documentos/DatasheetNano33BLE.pdf Graphic file (type pdf)
<use ./Documentos/DatasheetNano33BLE.pdf, page 2>
Package pdftex.def Info: ./Documentos/DatasheetNano33BLE.pdf , page2 used on in
put line 10.
(pdftex.def)             Requested size: 597.21693pt x 845.1138pt.
File: ./Documentos/DatasheetNano33BLE.pdf Graphic file (type pdf)
<use ./Documentos/DatasheetNano33BLE.pdf, page 2>
Package pdftex.def Info: ./Documentos/DatasheetNano33BLE.pdf , page2 used on in
put line 10.
(pdftex.def)             Requested size: 597.21693pt x 845.1138pt.
File: ./Documentos/DatasheetNano33BLE.pdf Graphic file (type pdf)
<use ./Documentos/DatasheetNano33BLE.pdf, page 2>
Package pdftex.def Info: ./Documentos/DatasheetNano33BLE.pdf , page2 used on in
put line 10.
(pdftex.def)             Requested size: 597.21693pt x 845.1138pt.
File: ./Documentos/DatasheetNano33BLE.pdf Graphic file (type pdf)
<use ./Documentos/DatasheetNano33BLE.pdf, page 2>
Package pdftex.def Info: ./Documentos/DatasheetNano33BLE.pdf , page2 used on in
put line 10.
(pdftex.def)             Requested size: 597.21693pt x 845.1138pt.
 [18 <./Documentos/DatasheetNano33BLE.pdf>]
File: ./Documentos/DatasheetNano33BLE.pdf Graphic file (type pdf)
<use ./Documentos/DatasheetNano33BLE.pdf>
Package pdftex.def Info: ./Documentos/DatasheetNano33BLE.pdf  used on input lin
e 10.
(pdftex.def)             Requested size: 597.1896pt x 845.07512pt.
File: ./Documentos/DatasheetNano33BLE.pdf Graphic file (type pdf)
<use ./Documentos/DatasheetNano33BLE.pdf>
Package pdftex.def Info: ./Documentos/DatasheetNano33BLE.pdf  used on input lin
e 10.
(pdftex.def)             Requested size: 597.1896pt x 845.07512pt.
<./Documentos/DatasheetNano33BLE.pdf, id=958, page=3, 597.19106pt x 845.07718pt
>
File: ./Documentos/DatasheetNano33BLE.pdf Graphic file (type pdf)
<use ./Documentos/DatasheetNano33BLE.pdf, page 3>
Package pdftex.def Info: ./Documentos/DatasheetNano33BLE.pdf , page3 used on in
put line 10.
(pdftex.def)             Requested size: 597.1896pt x 845.07512pt.
File: ./Documentos/DatasheetNano33BLE.pdf Graphic file (type pdf)
<use ./Documentos/DatasheetNano33BLE.pdf, page 3>
Package pdftex.def Info: ./Documentos/DatasheetNano33BLE.pdf , page3 used on in
put line 10.
(pdftex.def)             Requested size: 597.21693pt x 845.1138pt.
File: ./Documentos/DatasheetNano33BLE.pdf Graphic file (type pdf)
<use ./Documentos/DatasheetNano33BLE.pdf, page 3>
Package pdftex.def Info: ./Documentos/DatasheetNano33BLE.pdf , page3 used on in
put line 10.
(pdftex.def)             Requested size: 597.21693pt x 845.1138pt.
File: ./Documentos/DatasheetNano33BLE.pdf Graphic file (type pdf)
<use ./Documentos/DatasheetNano33BLE.pdf, page 3>
Package pdftex.def Info: ./Documentos/DatasheetNano33BLE.pdf , page3 used on in
put line 10.
(pdftex.def)             Requested size: 597.21693pt x 845.1138pt.
File: ./Documentos/DatasheetNano33BLE.pdf Graphic file (type pdf)
<use ./Documentos/DatasheetNano33BLE.pdf, page 3>
Package pdftex.def Info: ./Documentos/DatasheetNano33BLE.pdf , page3 used on in
put line 10.
(pdftex.def)             Requested size: 597.21693pt x 845.1138pt.
 [19 <./Documentos/DatasheetNano33BLE.pdf>]
File: ./Documentos/DatasheetNano33BLE.pdf Graphic file (type pdf)
<use ./Documentos/DatasheetNano33BLE.pdf>
Package pdftex.def Info: ./Documentos/DatasheetNano33BLE.pdf  used on input lin
e 10.
(pdftex.def)             Requested size: 597.1896pt x 845.07512pt.
File: ./Documentos/DatasheetNano33BLE.pdf Graphic file (type pdf)
<use ./Documentos/DatasheetNano33BLE.pdf>
Package pdftex.def Info: ./Documentos/DatasheetNano33BLE.pdf  used on input lin
e 10.
(pdftex.def)             Requested size: 597.1896pt x 845.07512pt.
<./Documentos/DatasheetNano33BLE.pdf, id=965, page=10, 597.19106pt x 845.07718p
t>
File: ./Documentos/DatasheetNano33BLE.pdf Graphic file (type pdf)
<use ./Documentos/DatasheetNano33BLE.pdf, page 10>
Package pdftex.def Info: ./Documentos/DatasheetNano33BLE.pdf , page10 used on i
nput line 10.
(pdftex.def)             Requested size: 597.1896pt x 845.07512pt.
File: ./Documentos/DatasheetNano33BLE.pdf Graphic file (type pdf)
<use ./Documentos/DatasheetNano33BLE.pdf, page 10>
Package pdftex.def Info: ./Documentos/DatasheetNano33BLE.pdf , page10 used on i
nput line 10.
(pdftex.def)             Requested size: 597.21693pt x 845.1138pt.
File: ./Documentos/DatasheetNano33BLE.pdf Graphic file (type pdf)
<use ./Documentos/DatasheetNano33BLE.pdf, page 10>
Package pdftex.def Info: ./Documentos/DatasheetNano33BLE.pdf , page10 used on i
nput line 10.
(pdftex.def)             Requested size: 597.21693pt x 845.1138pt.
File: ./Documentos/DatasheetNano33BLE.pdf Graphic file (type pdf)
<use ./Documentos/DatasheetNano33BLE.pdf, page 10>
Package pdftex.def Info: ./Documentos/DatasheetNano33BLE.pdf , page10 used on i
nput line 10.
(pdftex.def)             Requested size: 597.21693pt x 845.1138pt.
File: ./Documentos/DatasheetNano33BLE.pdf Graphic file (type pdf)
<use ./Documentos/DatasheetNano33BLE.pdf, page 10>
Package pdftex.def Info: ./Documentos/DatasheetNano33BLE.pdf , page10 used on i
nput line 10.
(pdftex.def)             Requested size: 597.21693pt x 845.1138pt.
 [20 <./Documentos/DatasheetNano33BLE.pdf>]) (./main.aux
LaTeX Info: Redefining \. on input line 26.
LaTeX Info: Redefining \% on input line 26.
)
Package rerunfilecheck Info: File `main.out' has not changed.
(rerunfilecheck)             Checksum: 7DA525D5F85B1CD59288B7EEECE73ECF;600.
 ) 
Here is how much of TeX's memory you used:
 44057 strings out of 478287
 1012781 string characters out of 5849289
 1532405 words of memory out of 5000000
 61593 multiletter control sequences out of 15000+600000
 479129 words of font info for 66 fonts, out of 8000000 for 9000
 1141 hyphenation exceptions out of 8191
 99i,17n,103p,901b,1242s stack positions out of 5000i,500n,10000p,200000b,80000s
{/usr/share/texmf/fonts/enc/dvips/cm-super/cm-super-ts1.enc}</usr/share/texli
ve/texmf-dist/fonts/type1/public/amsfonts/cm/cmbx12.pfb></usr/share/texlive/tex
mf-dist/fonts/type1/public/amsfonts/cm/cmcsc10.pfb></usr/share/texlive/texmf-di
st/fonts/type1/public/amsfonts/cm/cmmi12.pfb></usr/share/texlive/texmf-dist/fon
ts/type1/public/amsfonts/cm/cmr10.pfb></usr/share/texlive/texmf-dist/fonts/type
1/public/amsfonts/cm/cmr12.pfb></usr/share/texlive/texmf-dist/fonts/type1/publi
c/amsfonts/cm/cmr17.pfb></usr/share/texlive/texmf-dist/fonts/type1/public/amsfo
nts/cm/cmr6.pfb></usr/share/texlive/texmf-dist/fonts/type1/public/amsfonts/cm/c
mr8.pfb></usr/share/texlive/texmf-dist/fonts/type1/public/amsfonts/cm/cmsy10.pf
b></usr/share/texlive/texmf-dist/fonts/type1/public/amsfonts/cm/cmtt12.pfb></us
r/share/texmf/fonts/type1/public/cm-super/sfrm1200.pfb>
Output written on main.pdf (24 pages, 2122098 bytes).
PDF statistics:
 1044 PDF objects out of 1200 (max. 8388607)
 637 compressed objects within 7 object streams
 74 named destinations out of 1000 (max. 500000)
 253 words of extra memory for PDF output out of 10000 (max. 10000000)

